<?xml version="1.0" encoding="UTF-8"?>
<testng-results ignored="0" total="1" passed="1" failed="0" skipped="0">
  <reporter-output>
  </reporter-output>
  <suite started-at="2025-01-16T15:58:37 IST" name="Default suite" finished-at="2025-01-16T15:58:44 IST" duration-ms="7130">
    <groups>
    </groups>
    <test started-at="2025-01-16T15:58:37 IST" name="Default test" finished-at="2025-01-16T15:58:44 IST" duration-ms="7130">
      <class name="IntuitiveApps.sample.AppTest">
        <test-method is-config="true" signature="setup()[pri:0, instance:IntuitiveApps.sample.AppTest@6989da5e]" started-at="2025-01-16T15:58:37 IST" name="setup" finished-at="2025-01-16T15:58:44 IST" duration-ms="7055" status="PASS">
          <reporter-output>
          </reporter-output>
        </test-method> <!-- setup -->
        <test-method signature="appiumTest()[pri:0, instance:IntuitiveApps.sample.AppTest@6989da5e]" started-at="2025-01-16T15:58:44 IST" name="appiumTest" finished-at="2025-01-16T15:58:44 IST" duration-ms="9" status="PASS">
          <reporter-output>
          </reporter-output>
        </test-method> <!-- appiumTest -->
        <test-method is-config="true" signature="tearDown()[pri:0, instance:IntuitiveApps.sample.AppTest@6989da5e]" started-at="2025-01-16T15:58:44 IST" name="tearDown" finished-at="2025-01-16T15:58:44 IST" duration-ms="1" status="PASS">
          <reporter-output>
          </reporter-output>
        </test-method> <!-- tearDown -->
      </class> <!-- IntuitiveApps.sample.AppTest -->
    </test> <!-- Default test -->
  </suite> <!-- Default suite -->
</testng-results>
